C:\Program Files (x86)\Microsoft Visual Studio\2017\Community\Common7\IDE\VC\VCTargets\Microsoft.CppBuild.targets(377,5): warning MSB8004: Output 目錄結尾不是結尾斜線。這個建置執行個體將會加入此斜線，因為這樣才能正確評估 Output 目錄。
  109360245.c
c:\users\江懿宸\dropbox\我的電腦 (laptop-376pl30k)\desktop\各種報告\程式\final project 109360245\source\109360245.c(79): warning C4305: '+=': 從 'double' 轉換為 'float'，是由較大的類型轉換為較小的類型，可能導致資料遺失
c:\users\江懿宸\dropbox\我的電腦 (laptop-376pl30k)\desktop\各種報告\程式\final project 109360245\source\109360245.c(80): warning C4305: '+=': 從 'double' 轉換為 'float'，是由較大的類型轉換為較小的類型，可能導致資料遺失
c:\users\江懿宸\dropbox\我的電腦 (laptop-376pl30k)\desktop\各種報告\程式\final project 109360245\source\109360245.c(105): warning C4305: '+=': 從 'double' 轉換為 'float'，是由較大的類型轉換為較小的類型，可能導致資料遺失
c:\users\江懿宸\dropbox\我的電腦 (laptop-376pl30k)\desktop\各種報告\程式\final project 109360245\source\109360245.c(106): warning C4305: '+=': 從 'double' 轉換為 'float'，是由較大的類型轉換為較小的類型，可能導致資料遺失
c:\users\江懿宸\dropbox\我的電腦 (laptop-376pl30k)\desktop\各種報告\程式\final project 109360245\source\109360245.c(81): warning C4244: '正在初始化': 將 'double' 轉換為 'float'，由於類型不同，可能導致資料遺失
c:\users\江懿宸\dropbox\我的電腦 (laptop-376pl30k)\desktop\各種報告\程式\final project 109360245\source\109360245.c(82): warning C4244: '正在初始化': 將 'double' 轉換為 'float'，由於類型不同，可能導致資料遺失
c:\users\江懿宸\dropbox\我的電腦 (laptop-376pl30k)\desktop\各種報告\程式\final project 109360245\source\109360245.c(83): warning C4244: '正在初始化': 將 'double' 轉換為 'float'，由於類型不同，可能導致資料遺失
c:\users\江懿宸\dropbox\我的電腦 (laptop-376pl30k)\desktop\各種報告\程式\final project 109360245\source\109360245.c(84): warning C4244: '正在初始化': 將 'double' 轉換為 'float'，由於類型不同，可能導致資料遺失
c:\users\江懿宸\dropbox\我的電腦 (laptop-376pl30k)\desktop\各種報告\程式\final project 109360245\source\109360245.c(85): warning C4244: '正在初始化': 將 'double' 轉換為 'float'，由於類型不同，可能導致資料遺失
c:\users\江懿宸\dropbox\我的電腦 (laptop-376pl30k)\desktop\各種報告\程式\final project 109360245\source\109360245.c(88): warning C4244: '正在初始化': 將 'double' 轉換為 'float'，由於類型不同，可能導致資料遺失
c:\users\江懿宸\dropbox\我的電腦 (laptop-376pl30k)\desktop\各種報告\程式\final project 109360245\source\109360245.c(89): warning C4244: '正在初始化': 將 'double' 轉換為 'float'，由於類型不同，可能導致資料遺失
c:\users\江懿宸\dropbox\我的電腦 (laptop-376pl30k)\desktop\各種報告\程式\final project 109360245\source\109360245.c(90): warning C4244: '正在初始化': 將 'double' 轉換為 'float'，由於類型不同，可能導致資料遺失
c:\users\江懿宸\dropbox\我的電腦 (laptop-376pl30k)\desktop\各種報告\程式\final project 109360245\source\109360245.c(92): warning C4244: '正在初始化': 將 'float' 轉換為 'int'，由於類型不同，可能導致資料遺失
c:\users\江懿宸\dropbox\我的電腦 (laptop-376pl30k)\desktop\各種報告\程式\final project 109360245\source\109360245.c(93): warning C4244: '正在初始化': 將 'float' 轉換為 'int'，由於類型不同，可能導致資料遺失
c:\users\江懿宸\dropbox\我的電腦 (laptop-376pl30k)\desktop\各種報告\程式\final project 109360245\source\109360245.c(95): warning C4244: '正在初始化': 將 'float' 轉換為 'int'，由於類型不同，可能導致資料遺失
c:\users\江懿宸\dropbox\我的電腦 (laptop-376pl30k)\desktop\各種報告\程式\final project 109360245\source\109360245.c(138): warning C4101: 'm': 未參考的區域變數
c:\users\江懿宸\dropbox\我的電腦 (laptop-376pl30k)\desktop\各種報告\程式\final project 109360245\source\109360245.c(138): warning C4101: 'n': 未參考的區域變數
c:\users\江懿宸\dropbox\我的電腦 (laptop-376pl30k)\desktop\各種報告\程式\final project 109360245\source\109360245.c(38): warning C4716: 'ui': 必須傳回值
c:\users\江懿宸\dropbox\我的電腦 (laptop-376pl30k)\desktop\各種報告\程式\final project 109360245\source\109360245.c(45): warning C4716: 'ui2': 必須傳回值
  Final Project 109360245.vcxproj -> C:\Users\江懿宸\Dropbox\我的電腦 (LAPTOP-376PL30K)\Desktop\各種報告\程式\final project 109360245\Final Project 109360245\Final Project 109360245\..\..\temp\Final Project 109360245.exe
